<?xml version="1.0" encoding="UTF-8"?>
<!-- Generated by org.testng.reporters.JUnitXMLReporter -->
<testsuite hostname="lcc-PC" name="Command line test" tests="4" failures="3" timestamp="15 Mar 2019 09:47:54 GMT" time="0.79" errors="0">
  <testcase name="testGetAccessToken" time="0.636" classname="com.uctoutiao.openapi.sdk.auth.AuthRequestTest"/>
  <testcase name="testGetChannels" time="0.014" classname="com.uctoutiao.openapi.sdk.biz.ChannelsRequestTest">
    <failure type="com.uctoutiao.openapi.sdk.exception.OpenApiException" message="access_token invalid">
      <![CDATA[OpenApiException [status=-1, message=access_token invalid]
	at com.uctoutiao.openapi.sdk.BaseRequest.doGetRequet(BaseRequest.java:92)
	at com.uctoutiao.openapi.sdk.biz.CitiesRequest.getChannels(CitiesRequest.java:22)
	at com.uctoutiao.openapi.sdk.biz.ChannelsRequestTest.testGetChannels(ChannelsRequestTest.java:18)
	at org.apache.maven.surefire.testng.TestNGExecutor.run(TestNGExecutor.java:77)
	at org.apache.maven.surefire.testng.TestNGDirectoryTestSuite.executeMulti(TestNGDirectoryTestSuite.java:159)
	at org.apache.maven.surefire.testng.TestNGDirectoryTestSuite.execute(TestNGDirectoryTestSuite.java:99)
	at org.apache.maven.surefire.testng.TestNGProvider.invoke(TestNGProvider.java:106)
	at org.apache.maven.surefire.util.ReflectionUtils.invokeMethodWithArray(ReflectionUtils.java:189)
	at org.apache.maven.surefire.booter.ProviderFactory$ProviderProxy.invoke(ProviderFactory.java:165)
	at org.apache.maven.surefire.booter.ProviderFactory.invokeProvider(ProviderFactory.java:85)
	at org.apache.maven.surefire.booter.ForkedBooter.runSuitesInProcess(ForkedBooter.java:115)
	at org.apache.maven.surefire.booter.ForkedBooter.main(ForkedBooter.java:75)
... Removed 25 stack frames]]>
    </failure>
  </testcase>
  <testcase name="testGetChannels" time="0.041" classname="com.uctoutiao.openapi.sdk.biz.CitiesRequestTest">
    <failure type="com.uctoutiao.openapi.sdk.exception.OpenApiException" message="access_token invalid">
      <![CDATA[OpenApiException [status=-1, message=access_token invalid]
	at com.uctoutiao.openapi.sdk.BaseRequest.doGetRequet(BaseRequest.java:92)
	at com.uctoutiao.openapi.sdk.biz.ChannelsRequest.getChannels(ChannelsRequest.java:23)
	at com.uctoutiao.openapi.sdk.biz.CitiesRequestTest.testGetChannels(CitiesRequestTest.java:18)
	at org.apache.maven.surefire.testng.TestNGExecutor.run(TestNGExecutor.java:77)
	at org.apache.maven.surefire.testng.TestNGDirectoryTestSuite.executeMulti(TestNGDirectoryTestSuite.java:159)
	at org.apache.maven.surefire.testng.TestNGDirectoryTestSuite.execute(TestNGDirectoryTestSuite.java:99)
	at org.apache.maven.surefire.testng.TestNGProvider.invoke(TestNGProvider.java:106)
	at org.apache.maven.surefire.util.ReflectionUtils.invokeMethodWithArray(ReflectionUtils.java:189)
	at org.apache.maven.surefire.booter.ProviderFactory$ProviderProxy.invoke(ProviderFactory.java:165)
	at org.apache.maven.surefire.booter.ProviderFactory.invokeProvider(ProviderFactory.java:85)
	at org.apache.maven.surefire.booter.ForkedBooter.runSuitesInProcess(ForkedBooter.java:115)
	at org.apache.maven.surefire.booter.ForkedBooter.main(ForkedBooter.java:75)
... Removed 25 stack frames]]>
    </failure>
  </testcase>
  <testcase name="testClientEvent" time="0.09" classname="com.uctoutiao.openapi.sdk.biz.ClientEventRequestTest">
    <failure type="com.uctoutiao.openapi.sdk.exception.OpenApiException" message="access_token invalid">
      <![CDATA[OpenApiException [status=-1, message=access_token invalid]
	at com.uctoutiao.openapi.sdk.BaseRequest.doPostRequest(BaseRequest.java:110)
	at com.uctoutiao.openapi.sdk.biz.ClientEventRequest.clientEvent(ClientEventRequest.java:32)
	at com.uctoutiao.openapi.sdk.biz.ClientEventRequestTest.testClientEvent(ClientEventRequestTest.java:26)
	at org.apache.maven.surefire.testng.TestNGExecutor.run(TestNGExecutor.java:77)
	at org.apache.maven.surefire.testng.TestNGDirectoryTestSuite.executeMulti(TestNGDirectoryTestSuite.java:159)
	at org.apache.maven.surefire.testng.TestNGDirectoryTestSuite.execute(TestNGDirectoryTestSuite.java:99)
	at org.apache.maven.surefire.testng.TestNGProvider.invoke(TestNGProvider.java:106)
	at org.apache.maven.surefire.util.ReflectionUtils.invokeMethodWithArray(ReflectionUtils.java:189)
	at org.apache.maven.surefire.booter.ProviderFactory$ProviderProxy.invoke(ProviderFactory.java:165)
	at org.apache.maven.surefire.booter.ProviderFactory.invokeProvider(ProviderFactory.java:85)
	at org.apache.maven.surefire.booter.ForkedBooter.runSuitesInProcess(ForkedBooter.java:115)
	at org.apache.maven.surefire.booter.ForkedBooter.main(ForkedBooter.java:75)
... Removed 25 stack frames]]>
    </failure>
  </testcase>
</testsuite>
